<?xml version="1.0" encoding="UTF-8"?>
<testsuite name="com.sky.services.CatalogueServiceImplTest" tests="1" skipped="0" failures="0" errors="0" timestamp="2016-01-25T12:32:36" hostname="MCR-AL32360" time="0.007">
  <properties/>
  <testcase name="shouldCallDatabaseWithTheRequestedLocation" classname="com.sky.services.CatalogueServiceImplTest" time="0.007"/>
  <system-out><![CDATA[]]></system-out>
  <system-err><![CDATA[]]></system-err>
</testsuite>
