<?xml version="1.0" encoding="UTF-8"?>
<testsuite name="com.sky.others.ProductsResponseAdapterTest" tests="4" skipped="0" failures="0" errors="0" timestamp="2016-01-25T12:32:36" hostname="MCR-AL32360" time="0.001">
  <properties/>
  <testcase name="shouldReturnResponseWithEmptyValue_whenProductsListIsEmpty" classname="com.sky.others.ProductsResponseAdapterTest" time="0.0"/>
  <testcase name="shouldReturnCorrectResponse_whenProductsListHasMoreThanOneProductInOneCategory" classname="com.sky.others.ProductsResponseAdapterTest" time="0.0"/>
  <testcase name="shouldReturnCorrectResponse_whenProductsListHasOneProductInOneCategory" classname="com.sky.others.ProductsResponseAdapterTest" time="0.0"/>
  <testcase name="shouldReturnCorrectResponse_whenProductsListHasMoreThanOneProductInMoreThanOneCategory" classname="com.sky.others.ProductsResponseAdapterTest" time="0.001"/>
  <system-out><![CDATA[]]></system-out>
  <system-err><![CDATA[]]></system-err>
</testsuite>
