<?xml version="1.0" encoding="UTF-8"?>
<testsuite name="com.sky.endpoint_tests.IndexControllerEndpointTests" tests="1" skipped="0" failures="0" errors="0" timestamp="2016-01-25T12:32:36" hostname="MCR-AL32360" time="0.219">
  <properties/>
  <testcase name="shouldGetCorrectTemplateName" classname="com.sky.endpoint_tests.IndexControllerEndpointTests" time="0.219"/>
  <system-out><![CDATA[12:32:35.745 [Test worker] DEBUG o.s.t.c.j.SpringJUnit4ClassRunner - SpringJUnit4ClassRunner constructor called with [class com.sky.endpoint_tests.IndexControllerEndpointTests]
12:32:35.749 [Test worker] DEBUG o.s.test.context.BootstrapUtils - Instantiating CacheAwareContextLoaderDelegate from class [org.springframework.test.context.cache.DefaultCacheAwareContextLoaderDelegate]
12:32:35.752 [Test worker] DEBUG o.s.test.context.BootstrapUtils - Instantiating BootstrapContext using constructor [public org.springframework.test.context.support.DefaultBootstrapContext(java.lang.Class,org.springframework.test.context.CacheAwareContextLoaderDelegate)]
12:32:35.761 [Test worker] DEBUG o.s.test.context.BootstrapUtils - Instantiating TestContextBootstrapper for test class [com.sky.endpoint_tests.IndexControllerEndpointTests] from class [org.springframework.test.context.web.WebTestContextBootstrapper]
12:32:35.774 [Test worker] DEBUG o.s.t.c.w.WebTestContextBootstrapper - Found explicit ContextLoader class [org.springframework.boot.test.SpringApplicationContextLoader] for context configuration attributes [ContextConfigurationAttributes@b462c4e declaringClass = 'com.sky.endpoint_tests.IndexControllerEndpointTests', classes = '{class org.springframework.mock.web.MockServletContext}', locations = '{}', inheritLocations = true, initializers = '{}', inheritInitializers = true, name = [null], contextLoaderClass = 'org.springframework.boot.test.SpringApplicationContextLoader']
12:32:35.779 [Test worker] DEBUG o.s.t.c.s.AbstractContextLoader - Did not detect default resource location for test class [com.sky.endpoint_tests.IndexControllerEndpointTests]: class path resource [com/sky/endpoint_tests/IndexControllerEndpointTests-context.xml] does not exist
12:32:35.779 [Test worker] DEBUG o.s.t.c.s.AbstractContextLoader - Did not detect default resource location for test class [com.sky.endpoint_tests.IndexControllerEndpointTests]: class path resource [com/sky/endpoint_tests/IndexControllerEndpointTestsContext.groovy] does not exist
12:32:35.779 [Test worker] INFO  o.s.t.c.s.AbstractContextLoader - Could not detect default resource locations for test class [com.sky.endpoint_tests.IndexControllerEndpointTests]: no resource found for suffixes {-context.xml, Context.groovy}.
12:32:35.781 [Test worker] DEBUG o.s.t.c.support.ActiveProfilesUtils - Could not find an 'annotation declaring class' for annotation type [org.springframework.test.context.ActiveProfiles] and class [com.sky.endpoint_tests.IndexControllerEndpointTests]
12:32:35.783 [Test worker] DEBUG o.s.t.c.w.WebTestContextBootstrapper - @TestExecutionListeners is not present for class [com.sky.endpoint_tests.IndexControllerEndpointTests]: using defaults.
12:32:35.788 [Test worker] INFO  o.s.t.c.w.WebTestContextBootstrapper - Loaded default TestExecutionListener class names from location [META-INF/spring.factories]: [org.springframework.test.context.web.ServletTestExecutionListener, org.springframework.test.context.support.DirtiesContextBeforeModesTestExecutionListener, org.springframework.test.context.support.DependencyInjectionTestExecutionListener, org.springframework.test.context.support.DirtiesContextTestExecutionListener, org.springframework.test.context.transaction.TransactionalTestExecutionListener, org.springframework.test.context.jdbc.SqlScriptsTestExecutionListener]
12:32:35.793 [Test worker] INFO  o.s.t.c.w.WebTestContextBootstrapper - Could not instantiate TestExecutionListener [org.springframework.test.context.jdbc.SqlScriptsTestExecutionListener]. Specify custom listener classes or make the default listener classes (and their required dependencies) available. Offending class: [org/springframework/transaction/interceptor/TransactionAttribute]
12:32:35.794 [Test worker] INFO  o.s.t.c.w.WebTestContextBootstrapper - Could not instantiate TestExecutionListener [org.springframework.test.context.transaction.TransactionalTestExecutionListener]. Specify custom listener classes or make the default listener classes (and their required dependencies) available. Offending class: [org/springframework/transaction/interceptor/TransactionAttributeSource]
12:32:35.794 [Test worker] INFO  o.s.t.c.w.WebTestContextBootstrapper - Using TestExecutionListeners: [org.springframework.test.context.web.ServletTestExecutionListener@51740364, org.springframework.test.context.support.DirtiesContextBeforeModesTestExecutionListener@2217a044, org.springframework.test.context.support.DependencyInjectionTestExecutionListener@21440958, org.springframework.test.context.support.DirtiesContextTestExecutionListener@406d3b44]
12:32:35.796 [Test worker] DEBUG o.s.t.annotation.ProfileValueUtils - Retrieved @ProfileValueSourceConfiguration [null] for test class [com.sky.endpoint_tests.IndexControllerEndpointTests]
12:32:35.796 [Test worker] DEBUG o.s.t.annotation.ProfileValueUtils - Retrieved ProfileValueSource type [class org.springframework.test.annotation.SystemProfileValueSource] for class [com.sky.endpoint_tests.IndexControllerEndpointTests]
12:32:35.796 [Test worker] DEBUG o.s.t.annotation.ProfileValueUtils - Retrieved @ProfileValueSourceConfiguration [null] for test class [com.sky.endpoint_tests.IndexControllerEndpointTests]
12:32:35.797 [Test worker] DEBUG o.s.t.annotation.ProfileValueUtils - Retrieved ProfileValueSource type [class org.springframework.test.annotation.SystemProfileValueSource] for class [com.sky.endpoint_tests.IndexControllerEndpointTests]
12:32:35.798 [Test worker] DEBUG o.s.t.c.s.AbstractDirtiesContextTestExecutionListener - Before test class: context [DefaultTestContext@4843d5bf testClass = IndexControllerEndpointTests, testInstance = [null], testMethod = [null], testException = [null], mergedContextConfiguration = [WebMergedContextConfiguration@aaf6d33 testClass = IndexControllerEndpointTests, locations = '{}', classes = '{class org.springframework.mock.web.MockServletContext}', contextInitializerClasses = '[]', activeProfiles = '{}', propertySourceLocations = '{}', propertySourceProperties = '{}', resourceBasePath = 'src/main/webapp', contextLoader = 'org.springframework.boot.test.SpringApplicationContextLoader', parent = [null]]], class annotated with @DirtiesContext [false] with mode [null].
12:32:35.798 [Test worker] DEBUG o.s.t.annotation.ProfileValueUtils - Retrieved @ProfileValueSourceConfiguration [null] for test class [com.sky.endpoint_tests.IndexControllerEndpointTests]
12:32:35.798 [Test worker] DEBUG o.s.t.annotation.ProfileValueUtils - Retrieved ProfileValueSource type [class org.springframework.test.annotation.SystemProfileValueSource] for class [com.sky.endpoint_tests.IndexControllerEndpointTests]
12:32:35.851 [Test worker] DEBUG o.s.core.env.StandardEnvironment - Adding [systemProperties] PropertySource with lowest search precedence
12:32:35.852 [Test worker] DEBUG o.s.core.env.StandardEnvironment - Adding [systemEnvironment] PropertySource with lowest search precedence
12:32:35.852 [Test worker] DEBUG o.s.core.env.StandardEnvironment - Initialized StandardEnvironment with PropertySources [systemProperties,systemEnvironment]
12:32:35.853 [Test worker] DEBUG o.s.core.env.StandardEnvironment - Adding [integrationTest] PropertySource with search precedence immediately lower than [systemEnvironment]

  .   ____          _            __ _ _
 /\\ / ___'_ __ _ _(_)_ __  __ _ \ \ \ \
( ( )\___ | '_ | '_| | '_ \/ _` | \ \ \ \
 \\/  ___)| |_)| | | | | || (_| |  ) ) ) )
  '  |____| .__|_| |_|_| |_\__, | / / / /
 =========|_|==============|___/=/_/_/_/
 :: Spring Boot ::        (v1.3.2.RELEASE)

2016-01-25 12:32:36.032  INFO 1097 --- [    Test worker] c.s.e.IndexControllerEndpointTests       : Starting IndexControllerEndpointTests on MCR-AL32360 with PID 1097 (/Users/sathish.govindaraju/Desktop/SkyInterview/build/classes/test started by sathish.govindaraju in /Users/sathish.govindaraju/Desktop/SkyInterview)
2016-01-25 12:32:36.033  INFO 1097 --- [    Test worker] c.s.e.IndexControllerEndpointTests       : No active profile set, falling back to default profiles: default
2016-01-25 12:32:36.220  INFO 1097 --- [    Test worker] o.s.w.c.s.GenericWebApplicationContext   : Refreshing org.springframework.web.context.support.GenericWebApplicationContext@3481b5ee: startup date [Mon Jan 25 12:32:36 GMT 2016]; root of context hierarchy
2016-01-25 12:32:36.307  INFO 1097 --- [    Test worker] c.s.e.IndexControllerEndpointTests       : Started IndexControllerEndpointTests in 0.447 seconds (JVM running for 1.129)
2016-01-25 12:32:36.408  INFO 1097 --- [    Test worker] ilder$StaticRequestMappingHandlerMapping : Mapped "{[/*]}" onto public java.lang.String com.sky.controllers.IndexController.getIndexPage()
2016-01-25 12:32:36.460  INFO 1097 --- [    Test worker] s.w.s.m.m.a.RequestMappingHandlerAdapter : Looking for @ControllerAdvice: org.springframework.test.web.servlet.setup.StubWebApplicationContext@4378cf16
2016-01-25 12:32:36.501  INFO 1097 --- [    Test worker] org.eclipse.jetty.util.log               : Logging initialized @1322ms
2016-01-25 12:32:36.505  INFO 1097 --- [    Test worker] o.s.mock.web.MockServletContext          : Initializing Spring FrameworkServlet ''
2016-01-25 12:32:36.505  INFO 1097 --- [    Test worker] o.s.t.web.servlet.TestDispatcherServlet  : FrameworkServlet '': initialization started
2016-01-25 12:32:36.506  INFO 1097 --- [    Test worker] o.s.t.web.servlet.TestDispatcherServlet  : FrameworkServlet '': initialization completed in 1 ms
]]></system-out>
  <system-err><![CDATA[]]></system-err>
</testsuite>
