<?xml version="1.0" encoding="UTF-8"?>
<testsuite name="com.sky.endpoint_tests.ProductsControllerEndpointTests" tests="4" skipped="0" failures="0" errors="0" timestamp="2016-01-25T12:32:36" hostname="MCR-AL32360" time="0.125">
  <properties/>
  <testcase name="shouldThrowExceptionWhenInvalidCustomerId" classname="com.sky.endpoint_tests.ProductsControllerEndpointTests" time="0.03"/>
  <testcase name="shouldThrowExceptionWhenNoCustomerId" classname="com.sky.endpoint_tests.ProductsControllerEndpointTests" time="0.015"/>
  <testcase name="shouldGetCorrectJsonWhenCustomerIdIs_londonCustomer" classname="com.sky.endpoint_tests.ProductsControllerEndpointTests" time="0.056"/>
  <testcase name="shouldGetCorrectJsonWhenCustomerIdIs_liverpoolCustomer" classname="com.sky.endpoint_tests.ProductsControllerEndpointTests" time="0.022"/>
  <system-out><![CDATA[2016-01-25 12:32:36.538  INFO 1097 --- [    Test worker] o.s.t.c.support.AbstractContextLoader    : Could not detect default resource locations for test class [com.sky.endpoint_tests.ProductsControllerEndpointTests]: no resource found for suffixes {-context.xml, Context.groovy}.
2016-01-25 12:32:36.539  INFO 1097 --- [    Test worker] o.s.t.c.web.WebTestContextBootstrapper   : Loaded default TestExecutionListener class names from location [META-INF/spring.factories]: [org.springframework.test.context.web.ServletTestExecutionListener, org.springframework.test.context.support.DirtiesContextBeforeModesTestExecutionListener, org.springframework.test.context.support.DependencyInjectionTestExecutionListener, org.springframework.test.context.support.DirtiesContextTestExecutionListener, org.springframework.test.context.transaction.TransactionalTestExecutionListener, org.springframework.test.context.jdbc.SqlScriptsTestExecutionListener]
2016-01-25 12:32:36.540  INFO 1097 --- [    Test worker] o.s.t.c.web.WebTestContextBootstrapper   : Could not instantiate TestExecutionListener [org.springframework.test.context.jdbc.SqlScriptsTestExecutionListener]. Specify custom listener classes or make the default listener classes (and their required dependencies) available. Offending class: [org/springframework/transaction/interceptor/TransactionAttribute]
2016-01-25 12:32:36.540  INFO 1097 --- [    Test worker] o.s.t.c.web.WebTestContextBootstrapper   : Could not instantiate TestExecutionListener [org.springframework.test.context.transaction.TransactionalTestExecutionListener]. Specify custom listener classes or make the default listener classes (and their required dependencies) available. Offending class: [org/springframework/transaction/interceptor/TransactionAttributeSource]
2016-01-25 12:32:36.541  INFO 1097 --- [    Test worker] o.s.t.c.web.WebTestContextBootstrapper   : Using TestExecutionListeners: [org.springframework.test.context.web.ServletTestExecutionListener@7d9f74b, org.springframework.test.context.support.DirtiesContextBeforeModesTestExecutionListener@495817aa, org.springframework.test.context.support.DependencyInjectionTestExecutionListener@288dbb8d, org.springframework.test.context.support.DirtiesContextTestExecutionListener@52355a06]
2016-01-25 12:32:36.549  INFO 1097 --- [    Test worker] ilder$StaticRequestMappingHandlerMapping : Mapped "{[/api/get-products]}" onto public com.sky.others.ProductsResponse com.sky.controllers.ProductsController.getProducts(java.lang.String)
2016-01-25 12:32:36.560  INFO 1097 --- [    Test worker] s.w.s.m.m.a.RequestMappingHandlerAdapter : Looking for @ControllerAdvice: org.springframework.test.web.servlet.setup.StubWebApplicationContext@40eeea5d
2016-01-25 12:32:36.563  INFO 1097 --- [    Test worker] o.s.mock.web.MockServletContext          : Initializing Spring FrameworkServlet ''
2016-01-25 12:32:36.564  INFO 1097 --- [    Test worker] o.s.t.web.servlet.TestDispatcherServlet  : FrameworkServlet '': initialization started
2016-01-25 12:32:36.564  INFO 1097 --- [    Test worker] o.s.t.web.servlet.TestDispatcherServlet  : FrameworkServlet '': initialization completed in 0 ms
2016-01-25 12:32:36.576  INFO 1097 --- [    Test worker] ilder$StaticRequestMappingHandlerMapping : Mapped "{[/api/get-products]}" onto public com.sky.others.ProductsResponse com.sky.controllers.ProductsController.getProducts(java.lang.String)
2016-01-25 12:32:36.585  INFO 1097 --- [    Test worker] s.w.s.m.m.a.RequestMappingHandlerAdapter : Looking for @ControllerAdvice: org.springframework.test.web.servlet.setup.StubWebApplicationContext@635a5e98
2016-01-25 12:32:36.588  INFO 1097 --- [    Test worker] o.s.mock.web.MockServletContext          : Initializing Spring FrameworkServlet ''
2016-01-25 12:32:36.588  INFO 1097 --- [    Test worker] o.s.t.web.servlet.TestDispatcherServlet  : FrameworkServlet '': initialization started
2016-01-25 12:32:36.588  INFO 1097 --- [    Test worker] o.s.t.web.servlet.TestDispatcherServlet  : FrameworkServlet '': initialization completed in 0 ms
2016-01-25 12:32:36.591  INFO 1097 --- [    Test worker] ilder$StaticRequestMappingHandlerMapping : Mapped "{[/api/get-products]}" onto public com.sky.others.ProductsResponse com.sky.controllers.ProductsController.getProducts(java.lang.String)
2016-01-25 12:32:36.599  INFO 1097 --- [    Test worker] s.w.s.m.m.a.RequestMappingHandlerAdapter : Looking for @ControllerAdvice: org.springframework.test.web.servlet.setup.StubWebApplicationContext@387af034
2016-01-25 12:32:36.602  INFO 1097 --- [    Test worker] o.s.mock.web.MockServletContext          : Initializing Spring FrameworkServlet ''
2016-01-25 12:32:36.602  INFO 1097 --- [    Test worker] o.s.t.web.servlet.TestDispatcherServlet  : FrameworkServlet '': initialization started
2016-01-25 12:32:36.604  INFO 1097 --- [    Test worker] o.s.t.web.servlet.TestDispatcherServlet  : FrameworkServlet '': initialization completed in 0 ms
2016-01-25 12:32:36.649  INFO 1097 --- [    Test worker] ilder$StaticRequestMappingHandlerMapping : Mapped "{[/api/get-products]}" onto public com.sky.others.ProductsResponse com.sky.controllers.ProductsController.getProducts(java.lang.String)
2016-01-25 12:32:36.658  INFO 1097 --- [    Test worker] s.w.s.m.m.a.RequestMappingHandlerAdapter : Looking for @ControllerAdvice: org.springframework.test.web.servlet.setup.StubWebApplicationContext@54703409
2016-01-25 12:32:36.662  INFO 1097 --- [    Test worker] o.s.mock.web.MockServletContext          : Initializing Spring FrameworkServlet ''
2016-01-25 12:32:36.664  INFO 1097 --- [    Test worker] o.s.t.web.servlet.TestDispatcherServlet  : FrameworkServlet '': initialization started
2016-01-25 12:32:36.665  INFO 1097 --- [    Test worker] o.s.t.web.servlet.TestDispatcherServlet  : FrameworkServlet '': initialization completed in 1 ms
]]></system-out>
  <system-err><![CDATA[]]></system-err>
</testsuite>
