<?xml version="1.0" encoding="UTF-8"?>
<testsuite name="com.sky.database.ProductsDatabaseTest" tests="4" skipped="0" failures="0" errors="0" timestamp="2016-01-25T12:32:35" hostname="MCR-AL32360" time="0.001">
  <properties/>
  <testcase name="shouldReturnCorrectProducts_whenLocationIs_NONE" classname="com.sky.database.ProductsDatabaseTest" time="0.001"/>
  <testcase name="shouldReturnCorrectProducts_whenLocationIs_Null" classname="com.sky.database.ProductsDatabaseTest" time="0.0"/>
  <testcase name="shouldReturnCorrectProducts_whenLocationIs_LIVERPOOL" classname="com.sky.database.ProductsDatabaseTest" time="0.0"/>
  <testcase name="shouldReturnCorrectProducts_whenLocationIs_LONDON" classname="com.sky.database.ProductsDatabaseTest" time="0.0"/>
  <system-out><![CDATA[]]></system-out>
  <system-err><![CDATA[]]></system-err>
</testsuite>
